This is pdfTeX, Version 3.14159265-2.6-1.40.18 (TeX Live 2017/Debian) (preloaded format=pdflatex 2019.9.27)  20 JAN 2020 14:25
entering extended mode
 restricted \write18 enabled.
 %&-line parsing enabled.
**Geneland.tex
(./Geneland.tex
LaTeX2e <2017-04-15>
Babel <3.18> and hyphenation patterns for 7 language(s) loaded.
(/usr/share/texlive/texmf-dist/tex/latex/base/article.cls
Document Class: article 2014/09/29 v1.4h Standard LaTeX document class
(/usr/share/texlive/texmf-dist/tex/latex/base/size10.clo
File: size10.clo 2014/09/29 v1.4h Standard LaTeX file (size option)
)
\c@part=\count79
\c@section=\count80
\c@subsection=\count81
\c@subsubsection=\count82
\c@paragraph=\count83
\c@subparagraph=\count84
\c@figure=\count85
\c@table=\count86
\abovecaptionskip=\skip41
\belowcaptionskip=\skip42
\bibindent=\dimen102
)
(/usr/share/texlive/texmf-dist/tex/latex/natbib/natbib.sty
Package: natbib 2010/09/13 8.31b (PWD, AO)
\bibhang=\skip43
\bibsep=\skip44
LaTeX Info: Redefining \cite on input line 694.
\c@NAT@ctr=\count87
)
(/usr/share/texlive/texmf-dist/tex/latex/base/makeidx.sty
Package: makeidx 2014/09/29 v1.0m Standard LaTeX package
)
(/usr/share/texlive/texmf-dist/tex/latex/graphics/graphicx.sty
Package: graphicx 2017/06/01 v1.1a Enhanced LaTeX Graphics (DPC,SPQR)

(/usr/share/texlive/texmf-dist/tex/latex/graphics/keyval.sty
Package: keyval 2014/10/28 v1.15 key=value parser (DPC)
\KV@toks@=\toks14
)
(/usr/share/texlive/texmf-dist/tex/latex/graphics/graphics.sty
Package: graphics 2017/06/25 v1.2c Standard LaTeX Graphics (DPC,SPQR)

(/usr/share/texlive/texmf-dist/tex/latex/graphics/trig.sty
Package: trig 2016/01/03 v1.10 sin cos tan (DPC)
)
(/usr/share/texlive/texmf-dist/tex/latex/graphics-cfg/graphics.cfg
File: graphics.cfg 2016/06/04 v1.11 sample graphics configuration
)
Package graphics Info: Driver file: pdftex.def on input line 99.

(/usr/share/texlive/texmf-dist/tex/latex/graphics-def/pdftex.def
File: pdftex.def 2018/01/08 v1.0l Graphics/color driver for pdftex
))
\Gin@req@height=\dimen103
\Gin@req@width=\dimen104
)
(/usr/share/texlive/texmf-dist/tex/latex/fancyhdr/fancyhdr.sty
Package: fancyhdr 2017/06/30 v3.9a Extensive control of page headers and footer
s
\f@nch@headwidth=\skip45
\f@nch@O@elh=\skip46
\f@nch@O@erh=\skip47
\f@nch@O@olh=\skip48
\f@nch@O@orh=\skip49
\f@nch@O@elf=\skip50
\f@nch@O@erf=\skip51
\f@nch@O@olf=\skip52
\f@nch@O@orf=\skip53
)
(/usr/share/texlive/texmf-dist/tex/latex/url/url.sty
\Urlmuskip=\muskip10
Package: url 2013/09/16  ver 3.4  Verb mode for urls, etc.
)
(/usr/share/texlive/texmf-dist/tex/latex/amsfonts/amssymb.sty
Package: amssymb 2013/01/14 v3.01 AMS font symbols

(/usr/share/texlive/texmf-dist/tex/latex/amsfonts/amsfonts.sty
Package: amsfonts 2013/01/14 v3.01 Basic AMSFonts support
\@emptytoks=\toks15
\symAMSa=\mathgroup4
\symAMSb=\mathgroup5
LaTeX Font Info:    Overwriting math alphabet `\mathfrak' in version `bold'
(Font)                  U/euf/m/n --> U/euf/b/n on input line 106.
))
(/usr/share/texlive/texmf-dist/tex/latex/amsmath/amsmath.sty
Package: amsmath 2017/09/02 v2.17a AMS math features
\@mathmargin=\skip54

For additional information on amsmath, use the `?' option.
(/usr/share/texlive/texmf-dist/tex/latex/amsmath/amstext.sty
Package: amstext 2000/06/29 v2.01 AMS text

(/usr/share/texlive/texmf-dist/tex/latex/amsmath/amsgen.sty
File: amsgen.sty 1999/11/30 v2.0 generic functions
\@emptytoks=\toks16
\ex@=\dimen105
))
(/usr/share/texlive/texmf-dist/tex/latex/amsmath/amsbsy.sty
Package: amsbsy 1999/11/29 v1.2d Bold Symbols
\pmbraise@=\dimen106
)
(/usr/share/texlive/texmf-dist/tex/latex/amsmath/amsopn.sty
Package: amsopn 2016/03/08 v2.02 operator names
)
\inf@bad=\count88
LaTeX Info: Redefining \frac on input line 213.
\uproot@=\count89
\leftroot@=\count90
LaTeX Info: Redefining \overline on input line 375.
\classnum@=\count91
\DOTSCASE@=\count92
LaTeX Info: Redefining \ldots on input line 472.
LaTeX Info: Redefining \dots on input line 475.
LaTeX Info: Redefining \cdots on input line 596.
\Mathstrutbox@=\box26
\strutbox@=\box27
\big@size=\dimen107
LaTeX Font Info:    Redeclaring font encoding OML on input line 712.
LaTeX Font Info:    Redeclaring font encoding OMS on input line 713.
\macc@depth=\count93
\c@MaxMatrixCols=\count94
\dotsspace@=\muskip11
\c@parentequation=\count95
\dspbrk@lvl=\count96
\tag@help=\toks17
\row@=\count97
\column@=\count98
\maxfields@=\count99
\andhelp@=\toks18
\eqnshift@=\dimen108
\alignsep@=\dimen109
\tagshift@=\dimen110
\tagwidth@=\dimen111
\totwidth@=\dimen112
\lineht@=\dimen113
\@envbody=\toks19
\multlinegap=\skip55
\multlinetaggap=\skip56
\mathdisplay@stack=\toks20
LaTeX Info: Redefining \[ on input line 2817.
LaTeX Info: Redefining \] on input line 2818.
)
(/usr/share/texlive/texmf-dist/tex/latex/manfnt/manfnt.sty
Package: manfnt 1999/07/010.2LaTeX2e manfnt package
\dbend@height=\skip57
)
(/usr/share/texlive/texmf-dist/tex/latex/graphics/color.sty
Package: color 2016/07/10 v1.1e Standard LaTeX Color (DPC)

(/usr/share/texlive/texmf-dist/tex/latex/graphics-cfg/color.cfg
File: color.cfg 2016/01/02 v1.6 sample color configuration
)
Package color Info: Driver file: pdftex.def on input line 147.
)
(/usr/share/texlive/texmf-dist/tex/latex/tools/verbatim.sty
Package: verbatim 2014/10/28 v1.5q LaTeX2e package for verbatim enhancements
\every@verbatim=\toks21
\verbatim@line=\toks22
\verbatim@in@stream=\read1
)
(/usr/share/texlive/texmf-dist/tex/latex/tools/bm.sty
Package: bm 2017/01/16 v1.2c Bold Symbol Support (DPC/FMi)
\symboldoperators=\mathgroup6
\symboldletters=\mathgroup7
\symboldsymbols=\mathgroup8
LaTeX Font Info:    Redeclaring math alphabet \mathbf on input line 141.
LaTeX Info: Redefining \bm on input line 207.
)
(/usr/share/texlive/texmf-dist/tex/latex/sfmath/sfmath.sty
Package: sfmath 2007/08/27 v0.8 sans serif maths
LaTeX Font Info:    Overwriting symbol font `operators' in version `normal'
(Font)                  OT1/cmr/m/n --> OT1/cmss/m/n on input line 329.
LaTeX Font Info:    Overwriting symbol font `operators' in version `bold'
(Font)                  OT1/cmr/bx/n --> OT1/cmss/bx/n on input line 330.
\symSFMath=\mathgroup9
LaTeX Font Info:    Overwriting symbol font `SFMath' in version `normal'
(Font)                  OT1/cmss/m/sl --> OT1/cmss/m/sl on input line 343.
LaTeX Font Info:    Overwriting symbol font `SFMath' in version `bold'
(Font)                  OT1/cmss/m/sl --> OT1/cmss/bx/n on input line 344.
LaTeX Font Info:    Redeclaring math symbol \imath on input line 398.
LaTeX Font Info:    Redeclaring math symbol \jmath on input line 399.
\symSFMathUp=\mathgroup10
LaTeX Font Info:    Overwriting symbol font `SFMathUp' in version `normal'
(Font)                  OT1/cmss/m/n --> OT1/cmss/m/n on input line 406.
LaTeX Font Info:    Overwriting symbol font `SFMathUp' in version `bold'
(Font)                  OT1/cmss/m/n --> OT1/cmss/bx/n on input line 407.
LaTeX Font Info:    Redeclaring math symbol \ldotp on input line 410.
\symSFMathGreek=\mathgroup11
LaTeX Font Info:    Overwriting symbol font `SFMathGreek' in version `normal'
(Font)                  OT1/cmss/m/n --> OT1/cmss/m/n on input line 419.
LaTeX Font Info:    Overwriting symbol font `SFMathGreek' in version `bold'
(Font)                  OT1/cmss/m/n --> OT1/cmss/bx/n on input line 420.
LaTeX Font Info:    Redeclaring math symbol \Gamma on input line 422.
LaTeX Font Info:    Redeclaring math symbol \Delta on input line 423.
LaTeX Font Info:    Redeclaring math symbol \Theta on input line 424.
LaTeX Font Info:    Redeclaring math symbol \Lambda on input line 425.
LaTeX Font Info:    Redeclaring math symbol \Xi on input line 426.
LaTeX Font Info:    Redeclaring math symbol \Pi on input line 427.
LaTeX Font Info:    Redeclaring math symbol \Sigma on input line 428.
LaTeX Font Info:    Redeclaring math symbol \Upsilon on input line 429.
LaTeX Font Info:    Redeclaring math symbol \Phi on input line 430.
LaTeX Font Info:    Redeclaring math symbol \Psi on input line 431.
LaTeX Font Info:    Redeclaring math symbol \Omega on input line 432.
\symSFMathUpGreek=\mathgroup12
LaTeX Font Info:    Overwriting symbol font `SFMathUpGreek' in version `normal'

(Font)                  OT1/cmss/m/n --> OT1/cmss/m/n on input line 436.
LaTeX Font Info:    Overwriting symbol font `SFMathUpGreek' in version `bold'
(Font)                  OT1/cmss/m/n --> OT1/cmss/bx/n on input line 437.
LaTeX Font Info:    Overwriting math alphabet `\mathnormal' in version `normal'

(Font)                  OML/cmm/m/it --> OT1/cmss/m/sl on input line 446.
LaTeX Font Info:    Overwriting math alphabet `\mathnormal' in version `bold'
(Font)                  OML/cmm/b/it --> OT1/cmss/bx/n on input line 447.
LaTeX Font Info:    Overwriting math alphabet `\mathrm' in version `normal'
(Font)                  OT1/cmss/m/n --> OT1/cmss/m/n on input line 449.
LaTeX Font Info:    Overwriting math alphabet `\mathrm' in version `bold'
(Font)                  OT1/cmss/bx/n --> OT1/cmss/bx/n on input line 450.
LaTeX Font Info:    Overwriting math alphabet `\mathbf' in version `normal'
(Font)                  OT1/cmr/bx/n --> OT1/cmss/bx/n on input line 452.
LaTeX Font Info:    Overwriting math alphabet `\mathbf' in version `bold'
(Font)                  OT1/cmr/bx/n --> OT1/cmss/bx/n on input line 453.
LaTeX Font Info:    Overwriting math alphabet `\mathit' in version `normal'
(Font)                  OT1/cmr/m/it --> OT1/cmss/m/sl on input line 455.
LaTeX Font Info:    Overwriting math alphabet `\mathit' in version `bold'
(Font)                  OT1/cmr/bx/it --> OT1/cmss/m/sl on input line 456.
LaTeX Font Info:    Overwriting math alphabet `\mathsf' in version `normal'
(Font)                  OT1/cmss/m/n --> OT1/cmss/m/n on input line 458.
LaTeX Font Info:    Overwriting math alphabet `\mathsf' in version `bold'
(Font)                  OT1/cmss/bx/n --> OT1/cmss/bx/n on input line 459.
LaTeX Font Info:    Overwriting math alphabet `\mathsl' in version `bold'
(Font)                  OT1/cmss/m/sl --> OT1/cmss/m/sl on input line 466.
)
(/usr/share/texlive/texmf-dist/tex/latex/hyperref/hyperref.sty
Package: hyperref 2018/02/06 v6.86b Hypertext links for LaTeX

(/usr/share/texlive/texmf-dist/tex/generic/oberdiek/hobsub-hyperref.sty
Package: hobsub-hyperref 2016/05/16 v1.14 Bundle oberdiek, subset hyperref (HO)


(/usr/share/texlive/texmf-dist/tex/generic/oberdiek/hobsub-generic.sty
Package: hobsub-generic 2016/05/16 v1.14 Bundle oberdiek, subset generic (HO)
Package: hobsub 2016/05/16 v1.14 Construct package bundles (HO)
Package: infwarerr 2016/05/16 v1.4 Providing info/warning/error messages (HO)
Package: ltxcmds 2016/05/16 v1.23 LaTeX kernel commands for general use (HO)
Package: ifluatex 2016/05/16 v1.4 Provides the ifluatex switch (HO)
Package ifluatex Info: LuaTeX not detected.
Package: ifvtex 2016/05/16 v1.6 Detect VTeX and its facilities (HO)
Package ifvtex Info: VTeX not detected.
Package: intcalc 2016/05/16 v1.2 Expandable calculations with integers (HO)
Package: ifpdf 2017/03/15 v3.2 Provides the ifpdf switch
Package: etexcmds 2016/05/16 v1.6 Avoid name clashes with e-TeX commands (HO)
Package etexcmds Info: Could not find \expanded.
(etexcmds)             That can mean that you are not using pdfTeX 1.50 or
(etexcmds)             that some package has redefined \expanded.
(etexcmds)             In the latter case, load this package earlier.
Package: kvsetkeys 2016/05/16 v1.17 Key value parser (HO)
Package: kvdefinekeys 2016/05/16 v1.4 Define keys (HO)
Package: pdftexcmds 2018/01/21 v0.26 Utility functions of pdfTeX for LuaTeX (HO
)
Package pdftexcmds Info: LuaTeX not detected.
Package pdftexcmds Info: \pdf@primitive is available.
Package pdftexcmds Info: \pdf@ifprimitive is available.
Package pdftexcmds Info: \pdfdraftmode found.
Package: pdfescape 2016/05/16 v1.14 Implements pdfTeX's escape features (HO)
Package: bigintcalc 2016/05/16 v1.4 Expandable calculations on big integers (HO
)
Package: bitset 2016/05/16 v1.2 Handle bit-vector datatype (HO)
Package: uniquecounter 2016/05/16 v1.3 Provide unlimited unique counter (HO)
)
Package hobsub Info: Skipping package `hobsub' (already loaded).
Package: letltxmacro 2016/05/16 v1.5 Let assignment for LaTeX macros (HO)
Package: hopatch 2016/05/16 v1.3 Wrapper for package hooks (HO)
Package: xcolor-patch 2016/05/16 xcolor patch
Package: atveryend 2016/05/16 v1.9 Hooks at the very end of document (HO)
Package atveryend Info: \enddocument detected (standard20110627).
Package: atbegshi 2016/06/09 v1.18 At begin shipout hook (HO)
Package: refcount 2016/05/16 v3.5 Data extraction from label references (HO)
Package: hycolor 2016/05/16 v1.8 Color options for hyperref/bookmark (HO)
)
(/usr/share/texlive/texmf-dist/tex/generic/ifxetex/ifxetex.sty
Package: ifxetex 2010/09/12 v0.6 Provides ifxetex conditional
)
(/usr/share/texlive/texmf-dist/tex/latex/oberdiek/auxhook.sty
Package: auxhook 2016/05/16 v1.4 Hooks for auxiliary files (HO)
)
(/usr/share/texlive/texmf-dist/tex/latex/oberdiek/kvoptions.sty
Package: kvoptions 2016/05/16 v3.12 Key value format for package options (HO)
)
\@linkdim=\dimen114
\Hy@linkcounter=\count100
\Hy@pagecounter=\count101

(/usr/share/texlive/texmf-dist/tex/latex/hyperref/pd1enc.def
File: pd1enc.def 2018/02/06 v6.86b Hyperref: PDFDocEncoding definition (HO)
)
\Hy@SavedSpaceFactor=\count102

(/usr/share/texlive/texmf-dist/tex/latex/latexconfig/hyperref.cfg
File: hyperref.cfg 2002/06/06 v1.2 hyperref configuration of TeXLive
)
Package hyperref Info: Hyper figures OFF on input line 4509.
Package hyperref Info: Link nesting OFF on input line 4514.
Package hyperref Info: Hyper index ON on input line 4517.
Package hyperref Info: Plain pages OFF on input line 4524.
Package hyperref Info: Backreferencing OFF on input line 4529.
Package hyperref Info: Implicit mode ON; LaTeX internals redefined.
Package hyperref Info: Bookmarks ON on input line 4762.
\c@Hy@tempcnt=\count103
LaTeX Info: Redefining \url on input line 5115.
\XeTeXLinkMargin=\dimen115
\Fld@menulength=\count104
\Field@Width=\dimen116
\Fld@charsize=\dimen117
Package hyperref Info: Hyper figures OFF on input line 6369.
Package hyperref Info: Link nesting OFF on input line 6374.
Package hyperref Info: Hyper index ON on input line 6377.
Package hyperref Info: backreferencing OFF on input line 6384.
Package hyperref Info: Link coloring OFF on input line 6389.
Package hyperref Info: Link coloring with OCG OFF on input line 6394.
Package hyperref Info: PDF/A mode OFF on input line 6399.
LaTeX Info: Redefining \ref on input line 6439.
LaTeX Info: Redefining \pageref on input line 6443.
\Hy@abspage=\count105
\c@Item=\count106
\c@Hfootnote=\count107
)
Package hyperref Info: Driver (autodetected): hpdftex.

(/usr/share/texlive/texmf-dist/tex/latex/hyperref/hpdftex.def
File: hpdftex.def 2018/02/06 v6.86b Hyperref driver for pdfTeX
\Fld@listcount=\count108
\c@bookmark@seq@number=\count109

(/usr/share/texlive/texmf-dist/tex/latex/oberdiek/rerunfilecheck.sty
Package: rerunfilecheck 2016/05/16 v1.8 Rerun checks for auxiliary files (HO)
Package uniquecounter Info: New unique counter `rerunfilecheck' on input line 2
82.
)
\Hy@SectionHShift=\skip58
)
\@indexfile=\write3
\openout3 = `Geneland.idx'.


Writing index file Geneland.idx
(/usr/share/R/share/texmf/tex/latex/Sweave.sty
Package: Sweave 

(/usr/share/texlive/texmf-dist/tex/latex/base/ifthen.sty
Package: ifthen 2014/09/29 v1.1c Standard LaTeX ifthen package (DPC)
)
(/usr/share/texlive/texmf-dist/tex/latex/fancyvrb/fancyvrb.sty
Package: fancyvrb 2008/02/07

Style option: `fancyvrb' v2.7a, with DG/SPQR fixes, and firstline=lastline fix 
<2008/02/07> (tvz)
\FV@CodeLineNo=\count110
\FV@InFile=\read2
\FV@TabBox=\box28
\c@FancyVerbLine=\count111
\FV@StepNumber=\count112
\FV@OutFile=\write4
) (/usr/share/texlive/texmf-dist/tex/latex/base/textcomp.sty
Package: textcomp 2017/04/05 v2.0i Standard LaTeX package
Package textcomp Info: Sub-encoding information:
(textcomp)               5 = only ISO-Adobe without \textcurrency
(textcomp)               4 = 5 + \texteuro
(textcomp)               3 = 4 + \textohm
(textcomp)               2 = 3 + \textestimated + \textcurrency
(textcomp)               1 = TS1 - \textcircled - \t
(textcomp)               0 = TS1 (full)
(textcomp)             Font families with sub-encoding setting implement
(textcomp)             only a restricted character set as indicated.
(textcomp)             Family '?' is the default used for unknown fonts.
(textcomp)             See the documentation for details.
Package textcomp Info: Setting ? sub-encoding to TS1/1 on input line 79.

(/usr/share/texlive/texmf-dist/tex/latex/base/ts1enc.def
File: ts1enc.def 2001/06/05 v3.0e (jk/car/fm) Standard LaTeX file
)
LaTeX Info: Redefining \oldstylenums on input line 334.
Package textcomp Info: Setting cmr sub-encoding to TS1/0 on input line 349.
Package textcomp Info: Setting cmss sub-encoding to TS1/0 on input line 350.
Package textcomp Info: Setting cmtt sub-encoding to TS1/0 on input line 351.
Package textcomp Info: Setting cmvtt sub-encoding to TS1/0 on input line 352.
Package textcomp Info: Setting cmbr sub-encoding to TS1/0 on input line 353.
Package textcomp Info: Setting cmtl sub-encoding to TS1/0 on input line 354.
Package textcomp Info: Setting ccr sub-encoding to TS1/0 on input line 355.
Package textcomp Info: Setting ptm sub-encoding to TS1/4 on input line 356.
Package textcomp Info: Setting pcr sub-encoding to TS1/4 on input line 357.
Package textcomp Info: Setting phv sub-encoding to TS1/4 on input line 358.
Package textcomp Info: Setting ppl sub-encoding to TS1/3 on input line 359.
Package textcomp Info: Setting pag sub-encoding to TS1/4 on input line 360.
Package textcomp Info: Setting pbk sub-encoding to TS1/4 on input line 361.
Package textcomp Info: Setting pnc sub-encoding to TS1/4 on input line 362.
Package textcomp Info: Setting pzc sub-encoding to TS1/4 on input line 363.
Package textcomp Info: Setting bch sub-encoding to TS1/4 on input line 364.
Package textcomp Info: Setting put sub-encoding to TS1/5 on input line 365.
Package textcomp Info: Setting uag sub-encoding to TS1/5 on input line 366.
Package textcomp Info: Setting ugq sub-encoding to TS1/5 on input line 367.
Package textcomp Info: Setting ul8 sub-encoding to TS1/4 on input line 368.
Package textcomp Info: Setting ul9 sub-encoding to TS1/4 on input line 369.
Package textcomp Info: Setting augie sub-encoding to TS1/5 on input line 370.
Package textcomp Info: Setting dayrom sub-encoding to TS1/3 on input line 371.
Package textcomp Info: Setting dayroms sub-encoding to TS1/3 on input line 372.

Package textcomp Info: Setting pxr sub-encoding to TS1/0 on input line 373.
Package textcomp Info: Setting pxss sub-encoding to TS1/0 on input line 374.
Package textcomp Info: Setting pxtt sub-encoding to TS1/0 on input line 375.
Package textcomp Info: Setting txr sub-encoding to TS1/0 on input line 376.
Package textcomp Info: Setting txss sub-encoding to TS1/0 on input line 377.
Package textcomp Info: Setting txtt sub-encoding to TS1/0 on input line 378.
Package textcomp Info: Setting lmr sub-encoding to TS1/0 on input line 379.
Package textcomp Info: Setting lmdh sub-encoding to TS1/0 on input line 380.
Package textcomp Info: Setting lmss sub-encoding to TS1/0 on input line 381.
Package textcomp Info: Setting lmssq sub-encoding to TS1/0 on input line 382.
Package textcomp Info: Setting lmvtt sub-encoding to TS1/0 on input line 383.
Package textcomp Info: Setting lmtt sub-encoding to TS1/0 on input line 384.
Package textcomp Info: Setting qhv sub-encoding to TS1/0 on input line 385.
Package textcomp Info: Setting qag sub-encoding to TS1/0 on input line 386.
Package textcomp Info: Setting qbk sub-encoding to TS1/0 on input line 387.
Package textcomp Info: Setting qcr sub-encoding to TS1/0 on input line 388.
Package textcomp Info: Setting qcs sub-encoding to TS1/0 on input line 389.
Package textcomp Info: Setting qpl sub-encoding to TS1/0 on input line 390.
Package textcomp Info: Setting qtm sub-encoding to TS1/0 on input line 391.
Package textcomp Info: Setting qzc sub-encoding to TS1/0 on input line 392.
Package textcomp Info: Setting qhvc sub-encoding to TS1/0 on input line 393.
Package textcomp Info: Setting futs sub-encoding to TS1/4 on input line 394.
Package textcomp Info: Setting futx sub-encoding to TS1/4 on input line 395.
Package textcomp Info: Setting futj sub-encoding to TS1/4 on input line 396.
Package textcomp Info: Setting hlh sub-encoding to TS1/3 on input line 397.
Package textcomp Info: Setting hls sub-encoding to TS1/3 on input line 398.
Package textcomp Info: Setting hlst sub-encoding to TS1/3 on input line 399.
Package textcomp Info: Setting hlct sub-encoding to TS1/5 on input line 400.
Package textcomp Info: Setting hlx sub-encoding to TS1/5 on input line 401.
Package textcomp Info: Setting hlce sub-encoding to TS1/5 on input line 402.
Package textcomp Info: Setting hlcn sub-encoding to TS1/5 on input line 403.
Package textcomp Info: Setting hlcw sub-encoding to TS1/5 on input line 404.
Package textcomp Info: Setting hlcf sub-encoding to TS1/5 on input line 405.
Package textcomp Info: Setting pplx sub-encoding to TS1/3 on input line 406.
Package textcomp Info: Setting pplj sub-encoding to TS1/3 on input line 407.
Package textcomp Info: Setting ptmx sub-encoding to TS1/4 on input line 408.
Package textcomp Info: Setting ptmj sub-encoding to TS1/4 on input line 409.
)
(/usr/share/texlive/texmf-dist/tex/latex/base/fontenc.sty
Package: fontenc 2017/04/05 v2.0i Standard LaTeX package

(/usr/share/texlive/texmf-dist/tex/latex/base/t1enc.def
File: t1enc.def 2017/04/05 v2.0i Standard LaTeX file
LaTeX Font Info:    Redeclaring font encoding T1 on input line 48.
))
(/usr/share/texlive/texmf-dist/tex/latex/ae/ae.sty
Package: ae 2001/02/12 1.3 Almost European Computer Modern

(/usr/share/texlive/texmf-dist/tex/latex/base/fontenc.sty
Package: fontenc 2017/04/05 v2.0i Standard LaTeX package

(/usr/share/texlive/texmf-dist/tex/latex/base/t1enc.def
File: t1enc.def 2017/04/05 v2.0i Standard LaTeX file
LaTeX Font Info:    Redeclaring font encoding T1 on input line 48.
)
LaTeX Font Info:    Try loading font information for T1+aer on input line 105.

(/usr/share/texlive/texmf-dist/tex/latex/ae/t1aer.fd
File: t1aer.fd 1997/11/16 Font definitions for T1/aer.
)))) (./Geneland.aux

LaTeX Warning: Label `eq:admix_like' multiply defined.

)
\openout1 = `Geneland.aux'.

LaTeX Font Info:    Checking defaults for OML/cmm/m/it on input line 44.
LaTeX Font Info:    ... okay on input line 44.
LaTeX Font Info:    Checking defaults for T1/cmr/m/n on input line 44.
LaTeX Font Info:    ... okay on input line 44.
LaTeX Font Info:    Checking defaults for OT1/cmr/m/n on input line 44.
LaTeX Font Info:    ... okay on input line 44.
LaTeX Font Info:    Checking defaults for OMS/cmsy/m/n on input line 44.
LaTeX Font Info:    ... okay on input line 44.
LaTeX Font Info:    Checking defaults for OMX/cmex/m/n on input line 44.
LaTeX Font Info:    ... okay on input line 44.
LaTeX Font Info:    Checking defaults for U/cmr/m/n on input line 44.
LaTeX Font Info:    ... okay on input line 44.
LaTeX Font Info:    Checking defaults for PD1/pdf/m/n on input line 44.
LaTeX Font Info:    ... okay on input line 44.
LaTeX Font Info:    Checking defaults for TS1/cmr/m/n on input line 44.
LaTeX Font Info:    Try loading font information for TS1+cmr on input line 44.
 (/usr/share/texlive/texmf-dist/tex/latex/base/ts1cmr.fd
File: ts1cmr.fd 2014/09/29 v2.5h Standard LaTeX font definitions
)
LaTeX Font Info:    ... okay on input line 44.
LaTeX Font Info:    Try loading font information for T1+cmss on input line 44.

(/usr/share/texlive/texmf-dist/tex/latex/base/t1cmss.fd
File: t1cmss.fd 2014/09/29 v2.5h Standard LaTeX font definitions
)
(/usr/share/texlive/texmf-dist/tex/context/base/mkii/supp-pdf.mkii
[Loading MPS to PDF converter (version 2006.09.02).]
\scratchcounter=\count113
\scratchdimen=\dimen118
\scratchbox=\box29
\nofMPsegments=\count114
\nofMParguments=\count115
\everyMPshowfont=\toks23
\MPscratchCnt=\count116
\MPscratchDim=\dimen119
\MPnumerator=\count117
\makeMPintoPDFobject=\count118
\everyMPtoPDFconversion=\toks24
) (/usr/share/texlive/texmf-dist/tex/latex/oberdiek/epstopdf-base.sty
Package: epstopdf-base 2016/05/15 v2.6 Base part for package epstopdf

(/usr/share/texlive/texmf-dist/tex/latex/oberdiek/grfext.sty
Package: grfext 2016/05/16 v1.2 Manage graphics extensions (HO)
)
Package epstopdf-base Info: Redefining graphics rule for `.eps' on input line 4
38.
Package grfext Info: Graphics extension search list:
(grfext)             [.pdf,.png,.jpg,.mps,.jpeg,.jbig2,.jb2,.PDF,.PNG,.JPG,.JPE
G,.JBIG2,.JB2,.eps]
(grfext)             \AppendGraphicsExtensions on input line 456.

(/usr/share/texlive/texmf-dist/tex/latex/latexconfig/epstopdf-sys.cfg
File: epstopdf-sys.cfg 2010/07/13 v1.3 Configuration of (r)epstopdf for TeX Liv
e
))
\AtBeginShipoutBox=\box30
Package hyperref Info: Link coloring OFF on input line 44.

(/usr/share/texlive/texmf-dist/tex/latex/hyperref/nameref.sty
Package: nameref 2016/05/21 v2.44 Cross-referencing by name of section

(/usr/share/texlive/texmf-dist/tex/generic/oberdiek/gettitlestring.sty
Package: gettitlestring 2016/05/16 v1.5 Cleanup title references (HO)
)
\c@section@level=\count119
)
LaTeX Info: Redefining \ref on input line 44.
LaTeX Info: Redefining \pageref on input line 44.
LaTeX Info: Redefining \nameref on input line 44.

(./Geneland.out) (./Geneland.out)
\@outlinefile=\write5
\openout5 = `Geneland.out'.

 (./Geneland-concordance.tex)
LaTeX Font Info:    Try loading font information for U+msa on input line 54.

(/usr/share/texlive/texmf-dist/tex/latex/amsfonts/umsa.fd
File: umsa.fd 2013/01/14 v3.01 AMS symbols A
)
LaTeX Font Info:    Try loading font information for U+msb on input line 54.

(/usr/share/texlive/texmf-dist/tex/latex/amsfonts/umsb.fd
File: umsb.fd 2013/01/14 v3.01 AMS symbols B
)
LaTeX Font Info:    Try loading font information for T1+aess on input line 57.

(/usr/share/texlive/texmf-dist/tex/latex/ae/t1aess.fd
File: t1aess.fd 1997/11/16 Font definitions for T1/aess.
)

LaTeX Font Warning: Font shape `T1/cmss/m/sc' in size <24.88> not available
(Font)              Font shape `T1/cmr/m/sc' tried instead on input line 58.


Overfull \hbox (40.73766pt too wide) in paragraph at lines 54--65
 [] 
 []

<../inst/images/wdl1.jpeg, id=616, 621.07031pt x 312.41719pt>
File: ../inst/images/wdl1.jpeg Graphic file (type jpg)
<use ../inst/images/wdl1.jpeg>
Package pdftex.def Info: ../inst/images/wdl1.jpeg  used on input line 70.
(pdftex.def)             Requested size: 375.99983pt x 227.62883pt.

Underfull \hbox (badness 10000) in paragraph at lines 75--76

 []

[1

{/var/lib/texmf/fonts/map/pdftex/updmap/pdftex.map} <../inst/images/wdl1.jpeg>]
 (./Geneland.toc

LaTeX Font Warning: Font shape `T1/cmss/m/sc' in size <10> not available
(Font)              Font shape `T1/cmr/m/sc' tried instead on input line 2.

[2] [3]
LaTeX Font Info:    Try loading font information for T1+aett on input line 135.

 (/usr/share/texlive/texmf-dist/tex/latex/ae/t1aett.fd
File: t1aett.fd 1997/11/16 Font definitions for T1/aett.
))
\tf@toc=\write6
\openout6 = `Geneland.toc'.

 [4] [5]

LaTeX Font Warning: Font shape `T1/cmss/m/sc' in size <12> not available
(Font)              Font shape `T1/cmr/m/sc' tried instead on input line 92.

LaTeX Font Info:    Try loading font information for TS1+cmss on input line 98.

(/usr/share/texlive/texmf-dist/tex/latex/base/ts1cmss.fd
File: ts1cmss.fd 2014/09/29 v2.5h Standard LaTeX font definitions
)
Underfull \hbox (badness 10000) in paragraph at lines 180--185

 []

[6]
Overfull \hbox (12.73398pt too wide) in paragraph at lines 219--221
\T1/cmss/m/n/10 As of ver-sion 4.9.0 (Jan-uary 2020), Geneland is dis-tributed 
via github. See []https://github.com/gilles-guillot/Geneland[]
 []

[7] [8] [9] [10]
<../inst/images/example_spatial_bis.jpeg, id=919, 433.62pt x 433.62pt>
File: ../inst/images/example_spatial_bis.jpeg Graphic file (type jpg)
<use ../inst/images/example_spatial_bis.jpeg>
Package pdftex.def Info: ../inst/images/example_spatial_bis.jpeg  used on input
 line 455.
(pdftex.def)             Requested size: 483.71907pt x 341.4511pt.

Overfull \hbox (13.71907pt too wide) in paragraph at lines 455--456
[][] 
 []

<../inst/images/example_spatial2_bis.jpeg, id=921, 433.62pt x 433.62pt>
File: ../inst/images/example_spatial2_bis.jpeg Graphic file (type jpg)
<use ../inst/images/example_spatial2_bis.jpeg>
Package pdftex.def Info: ../inst/images/example_spatial2_bis.jpeg  used on inpu
t line 468.
(pdftex.def)             Requested size: 483.71907pt x 341.4511pt.

Overfull \hbox (13.71907pt too wide) in paragraph at lines 468--470
[][] 
 []


LaTeX Warning: `h' float specifier changed to `ht'.

[11

 <../inst/images/example_spatial_bis.jpeg>]
<../inst/images/vor1.jpeg, id=930, 614.295pt x 794.97pt>
File: ../inst/images/vor1.jpeg Graphic file (type jpg)
<use ../inst/images/vor1.jpeg>
Package pdftex.def Info: ../inst/images/vor1.jpeg  used on input line 502.
(pdftex.def)             Requested size: 213.39424pt x 284.52713pt.
<../inst/images/vor2.jpeg, id=931, 614.295pt x 794.97pt>
File: ../inst/images/vor2.jpeg Graphic file (type jpg)
<use ../inst/images/vor2.jpeg>
Package pdftex.def Info: ../inst/images/vor2.jpeg  used on input line 502.
(pdftex.def)             Requested size: 213.39424pt x 284.52713pt.


LaTeX Warning: `h' float specifier changed to `ht'.

<../inst/images/example_spatial3_bis.jpeg, id=932, 433.62pt x 433.62pt>
File: ../inst/images/example_spatial3_bis.jpeg Graphic file (type jpg)
<use ../inst/images/example_spatial3_bis.jpeg>
Package pdftex.def Info: ../inst/images/example_spatial3_bis.jpeg  used on inpu
t line 512.
(pdftex.def)             Requested size: 227.62082pt x 256.085pt.
<../inst/images/example_spatial3_ter.jpeg, id=933, 433.62pt x 433.62pt>
File: ../inst/images/example_spatial3_ter.jpeg Graphic file (type jpg)
<use ../inst/images/example_spatial3_ter.jpeg>
Package pdftex.def Info: ../inst/images/example_spatial3_ter.jpeg  used on inpu
t line 512.
(pdftex.def)             Requested size: 216.24045pt x 256.085pt.

LaTeX Warning: `h' float specifier changed to `ht'.

[12 <../inst/images/example_spatial2_bis.jpeg>] [13 <../inst/images/vor1.jpeg> 
<../inst/images/vor2.jpeg>] (../inst/images/dag3.pdf_t
<../inst/images/dag3.pdf, id=962, 555.07375pt x 508.90125pt>
File: ../inst/images/dag3.pdf Graphic file (type pdf)
<use ../inst/images/dag3.pdf>
Package pdftex.def Info: ../inst/images/dag3.pdf  used on input line 2.
(pdftex.def)             Requested size: 376.00143pt x 344.7282pt.


LaTeX Font Warning: Command \tiny invalid in math mode on input line 20.

)
Overfull \hbox (58.44374pt too wide) in paragraph at lines 602--615
[]  [][] 
 []


LaTeX Warning: `h' float specifier changed to `ht'.

[14 <../inst/images/example_spatial3_bis.jpeg> <../inst/images/example_spatial3
_ter.jpeg>] [15 <../inst/images/dag3.pdf>]
<../inst/images/exp_q_quart.jpeg, id=989, 505.89pt x 505.89pt>
File: ../inst/images/exp_q_quart.jpeg Graphic file (type jpg)
<use ../inst/images/exp_q_quart.jpeg>
Package pdftex.def Info: ../inst/images/exp_q_quart.jpeg  used on input line 67
0.
(pdftex.def)             Requested size: 270.30118pt x 270.30496pt.


LaTeX Warning: `h' float specifier changed to `ht'.

(../inst/images/dag-final.pdf_t
<../inst/images/dag-final.pdf, id=990, 413.545pt x 418.56375pt>
File: ../inst/images/dag-final.pdf Graphic file (type pdf)
<use ../inst/images/dag-final.pdf>
Package pdftex.def Info: ../inst/images/dag-final.pdf  used on input line 2.
(pdftex.def)             Requested size: 376.00143pt x 380.57425pt.
)

LaTeX Warning: `h' float specifier changed to `ht'.

[16

] [17 <../inst/images/exp_q_quart.jpeg>] [18 <../inst/images/dag-final.pdf>]
Underfull \hbox (badness 10000) in paragraph at lines 776--779

 []


Underfull \hbox (badness 10000) in paragraph at lines 796--799

 []

[19

]
Underfull \hbox (badness 10000) in paragraph at lines 819--821

 []


Underfull \hbox (badness 10000) in paragraph at lines 866--867

 []

[20] [21]
Underfull \hbox (badness 10000) in paragraph at lines 970--971

 []

<../inst/images/initial.jpg, id=1030, 764.8575pt x 669.50125pt>
File: ../inst/images/initial.jpg Graphic file (type jpg)
<use ../inst/images/initial.jpg>
Package pdftex.def Info: ../inst/images/initial.jpg  used on input line 972.
(pdftex.def)             Requested size: 312.9803pt x 273.95586pt.
[22

 <../inst/images/initial.jpg>]
Underfull \hbox (badness 10000) in paragraph at lines 978--979

 []

<../inst/images/choosesep.jpg, id=1035, 759.83875pt x 663.47874pt>
File: ../inst/images/choosesep.jpg Graphic file (type jpg)
<use ../inst/images/choosesep.jpg>
Package pdftex.def Info: ../inst/images/choosesep.jpg  used on input line 980.
(pdftex.def)             Requested size: 312.9803pt x 273.29352pt.

Underfull \hbox (badness 10000) in paragraph at lines 984--985

 []

<../inst/images/choosefiles.jpg, id=1036, 547.8066pt x 477.7047pt>
File: ../inst/images/choosefiles.jpg Graphic file (type jpg)
<use ../inst/images/choosefiles.jpg>
Package pdftex.def Info: ../inst/images/choosefiles.jpg  used on input line 986
.
(pdftex.def)             Requested size: 312.9803pt x 272.93594pt.

Underfull \hbox (badness 10000) in paragraph at lines 996--998

 []

[23

 <../inst/images/choosesep.jpg> <../inst/images/choosefiles.jpg>]
<../inst/images/MCMC.jpg, id=1041, 764.8575pt x 669.50125pt>
File: ../inst/images/MCMC.jpg Graphic file (type jpg)
<use ../inst/images/MCMC.jpg>
Package pdftex.def Info: ../inst/images/MCMC.jpg  used on input line 999.
(pdftex.def)             Requested size: 312.9803pt x 273.95586pt.
 [24 <../inst/images/MCMC.jpg>]
Underfull \hbox (badness 10000) in paragraph at lines 1029--1031

 []

<../inst/images/postproc.jpg, id=1046, 764.8575pt x 669.50125pt>
File: ../inst/images/postproc.jpg Graphic file (type jpg)
<use ../inst/images/postproc.jpg>
Package pdftex.def Info: ../inst/images/postproc.jpg  used on input line 1033.
(pdftex.def)             Requested size: 312.9803pt x 273.95586pt.
[25

 <../inst/images/postproc.jpg>]
Underfull \hbox (badness 10000) in paragraph at lines 1062--1063

 []

<../inst/images/output.jpg, id=1052, 764.8575pt x 669.50125pt>
File: ../inst/images/output.jpg Graphic file (type jpg)
<use ../inst/images/output.jpg>
Package pdftex.def Info: ../inst/images/output.jpg  used on input line 1066.
(pdftex.def)             Requested size: 312.9803pt x 273.95586pt.
[26

 <../inst/images/output.jpg>]
Underfull \hbox (badness 10000) in paragraph at lines 1075--1076

 []

<../inst/images/npop.jpeg, id=1057, 433.62pt x 433.62pt>
File: ../inst/images/npop.jpeg Graphic file (type jpg)
<use ../inst/images/npop.jpeg>
Package pdftex.def Info: ../inst/images/npop.jpeg  used on input line 1077.
(pdftex.def)             Requested size: 312.99353pt x 284.54257pt.
[27

 <../inst/images/npop.jpeg>]
Underfull \hbox (badness 10000) in paragraph at lines 1086--1087

 []

<../inst/images/map.jpeg, id=1062, 433.62pt x 433.62pt>
File: ../inst/images/map.jpeg Graphic file (type jpg)
<use ../inst/images/map.jpeg>
Package pdftex.def Info: ../inst/images/map.jpeg  used on input line 1089.
(pdftex.def)             Requested size: 341.43306pt x 341.4511pt.
[28

 <../inst/images/map.jpeg>] [29

]
<../inst/images/multip_run.jpg, id=1075, 764.8575pt x 669.50125pt>
File: ../inst/images/multip_run.jpg Graphic file (type jpg)
<use ../inst/images/multip_run.jpg>
Package pdftex.def Info: ../inst/images/multip_run.jpg  used on input line 1159
.
(pdftex.def)             Requested size: 341.43306pt x 298.86186pt.
 [30

 <../inst/images/multip_run.jpg>]
<../inst/images/multip_run2.jpg, id=1080, 637.38126pt x 342.27875pt>
File: ../inst/images/multip_run2.jpg Graphic file (type jpg)
<use ../inst/images/multip_run2.jpg>
Package pdftex.def Info: ../inst/images/multip_run2.jpg  used on input line 116
6.
(pdftex.def)             Requested size: 341.43306pt x 183.34972pt.
<../inst/images/parallel.jpg, id=1081, 230.1229pt x 175.65625pt>
File: ../inst/images/parallel.jpg Graphic file (type jpg)
<use ../inst/images/parallel.jpg>
Package pdftex.def Info: ../inst/images/parallel.jpg  used on input line 1193.
(pdftex.def)             Requested size: 113.81102pt x 86.87372pt.

[31 <../inst/images/multip_run2.jpg> <../inst/images/parallel.jpg>]
Overfull \hbox (59.23901pt too wide) in paragraph at lines 1233--1233
[]\T1/aett/m/n/10 geno <- read.table("../data/genotypes.txt",na.string="000") #
# change "000" to according to your file[] 
 []


Underfull \hbox (badness 10000) in paragraph at lines 1238--1239

 []


Underfull \hbox (badness 10000) in paragraph at lines 1249--1250

 []


Underfull \hbox (badness 10000) in paragraph at lines 1301--1302

 []

[32

]
Underfull \hbox (badness 10000) in paragraph at lines 1311--1312

 []

[33]
File: ../inst/images/npop.jpeg Graphic file (type jpg)
<use ../inst/images/npop.jpeg>
Package pdftex.def Info: ../inst/images/npop.jpeg  used on input line 1405.
(pdftex.def)             Requested size: 312.99353pt x 284.54257pt.
 [34] [35]
Underfull \hbox (badness 10000) in paragraph at lines 1426--1427

 []

File: ../inst/images/map.jpeg Graphic file (type jpg)
<use ../inst/images/map.jpeg>
Package pdftex.def Info: ../inst/images/map.jpeg  used on input line 1439.
(pdftex.def)             Requested size: 341.43306pt x 341.4511pt.
[36

]
Underfull \hbox (badness 10000) in paragraph at lines 1510--1511

 []

[37] [38] [39

]
Underfull \hbox (badness 10000) in paragraph at lines 1697--1698

 []

[40

]
Underfull \hbox (badness 10000) in paragraph at lines 1699--1700

 []


Underfull \hbox (badness 10000) in paragraph at lines 1701--1702

 []


LaTeX Warning: Characters dropped after `\end{verbatim}' on input line 1729.


LaTeX Font Warning: Font shape `T1/cmss/m/sc' in size <8> not available
(Font)              Font shape `T1/cmr/m/sc' tried instead on input line 1749.


Underfull \hbox (badness 10000) in paragraph at lines 1762--1763

 []

[41]
LaTeX Font Info:    Try loading font information for TS1+aett on input line 180
5.
 (/usr/share/R/share/texmf/tex/latex/ts1aett.fd
File: ts1aett.fd 
)
LaTeX Font Info:    Try loading font information for TS1+cmtt on input line 180
5.

(/usr/share/texlive/texmf-dist/tex/latex/base/ts1cmtt.fd
File: ts1cmtt.fd 2014/09/29 v2.5h Standard LaTeX font definitions
)
LaTeX Font Info:    Font shape `TS1/aett/m/n' in size <8> not available
(Font)              Font shape `TS1/cmtt/m/n' tried instead on input line 1805.

<../inst/images/MyMap_zoom7.jpeg, id=1139, 642.4pt x 642.4pt>
File: ../inst/images/MyMap_zoom7.jpeg Graphic file (type jpg)
<use ../inst/images/MyMap_zoom7.jpeg>
Package pdftex.def Info: ../inst/images/MyMap_zoom7.jpeg  used on input line 18
13.
(pdftex.def)             Requested size: 142.26378pt x 142.25964pt.
<../inst/images/MyMap_zoom10.jpeg, id=1140, 642.4pt x 642.4pt>
File: ../inst/images/MyMap_zoom10.jpeg Graphic file (type jpg)
<use ../inst/images/MyMap_zoom10.jpeg>
Package pdftex.def Info: ../inst/images/MyMap_zoom10.jpeg  used on input line 1
813.
(pdftex.def)             Requested size: 142.26378pt x 142.25964pt.

No file GGE_AH.R.
[42 <../inst/images/MyMap_zoom7.jpeg> <../inst/images/MyMap_zoom10.jpeg>]
[43


] [44

]

LaTeX Font Warning: Font shape `T1/cmss/m/sc' in size <14.4> not available
(Font)              Font shape `T1/cmr/m/sc' tried instead on input line 1983.

[45

]
Overfull \hbox (15.3836pt too wide) in paragraph at lines 2049--2053
\T1/cmss/m/n/8 quen-cies (\T1/aett/m/n/8 frequencies.txt \T1/cmss/m/n/8 and \T1
/aett/m/n/8 ancestral.frequencies.txt\T1/cmss/m/n/8 ) and co-or-di-nates of nu-
clei of the Voronoi Tes-sel-la-tion (\T1/aett/m/n/8 coord.nuclei.txt\T1/cmss/m/
n/8 ).
 []

[46

]

Package hyperref Warning: Token not allowed in a PDF string (PDFDocEncoding):
(hyperref)                removing `math shift' on input line 2109.


Package hyperref Warning: Token not allowed in a PDF string (PDFDocEncoding):
(hyperref)                removing `subscript' on input line 2109.


Package hyperref Warning: Token not allowed in a PDF string (PDFDocEncoding):
(hyperref)                removing `\mathop' on input line 2109.


Package hyperref Warning: Token not allowed in a PDF string (PDFDocEncoding):
(hyperref)                removing `\mathgroup' on input line 2109.


Package hyperref Warning: Token not allowed in a PDF string (PDFDocEncoding):
(hyperref)                removing `\symoperators' on input line 2109.


Package hyperref Warning: Token not allowed in a PDF string (PDFDocEncoding):
(hyperref)                removing `\nmlimits@' on input line 2109.


Package hyperref Warning: Token not allowed in a PDF string (PDFDocEncoding):
(hyperref)                removing `math shift' on input line 2109.


Package hyperref Warning: Token not allowed in a PDF string (PDFDocEncoding):
(hyperref)                removing `math shift' on input line 2167.


Package hyperref Warning: Token not allowed in a PDF string (PDFDocEncoding):
(hyperref)                removing `math shift' on input line 2167.

[47]
<../inst/images/power.jpeg, id=1210, 505.89pt x 505.89pt>
File: ../inst/images/power.jpeg Graphic file (type jpg)
<use ../inst/images/power.jpeg>
Package pdftex.def Info: ../inst/images/power.jpeg  used on input line 2228.
(pdftex.def)             Requested size: 483.70361pt x 341.43785pt.

Overfull \hbox (13.70361pt too wide) in paragraph at lines 2228--2232
[][] 
 []


LaTeX Warning: `h' float specifier changed to `ht'.

[48] [49 <../inst/images/power.jpeg>]

Package hyperref Warning: Token not allowed in a PDF string (PDFDocEncoding):
(hyperref)                removing `math shift' on input line 2274.


Package hyperref Warning: Token not allowed in a PDF string (PDFDocEncoding):
(hyperref)                removing `math shift' on input line 2274.


LaTeX Font Warning: Font shape `T1/aett/bx/n' undefined
(Font)              using `T1/aett/m/n' instead on input line 2296.

[50

] [51] (./Geneland.bbl [52]) (./Geneland.ind [53] [54


])
Package atveryend Info: Empty hook `BeforeClearDocument' on input line 2379.
Package atveryend Info: Empty hook `AfterLastShipout' on input line 2379.
 (./Geneland.aux)
Package atveryend Info: Executing hook `AtVeryEndDocument' on input line 2379.
Package atveryend Info: Executing hook `AtEndAfterFileList' on input line 2379.

Package rerunfilecheck Info: File `Geneland.out' has not changed.
(rerunfilecheck)             Checksum: E9590B7E2F6CAECFEF1683F7C8B3340D;12056.


LaTeX Font Warning: Some font shapes were not available, defaults substituted.


LaTeX Warning: There were multiply-defined labels.

Package atveryend Info: Empty hook `AtVeryVeryEnd' on input line 2379.
 )
(\end occurred inside a group at level 1)

### simple group (level 1) entered at line 1721 ({)
### bottom level 
Here is how much of TeX's memory you used:
 8634 strings out of 494847
 125693 string characters out of 6179080
 202394 words of memory out of 5000000
 11446 multiletter control sequences out of 15000+600000
 62629 words of font info for 131 fonts, out of 8000000 for 9000
 59 hyphenation exceptions out of 8191
 35i,15n,43p,929b,580s stack positions out of 5000i,500n,10000p,200000b,80000s
 </home/gilles/.texlive2017/texmf-var/fonts/pk/ljfour/jknappen/
ec/tcss0800.600pk> </home/gilles/.texlive2017/texmf-var/fonts/pk/ljfour/jknappe
n/ec/ecsi0800.600pk> </home/gilles/.texlive2017/texmf-var/fonts/pk/ljfour/jknap
pen/ec/eccc1440.600pk> </home/gilles/.texlive2017/texmf-var/fonts/pk/ljfour/jkn
appen/ec/tctt0800.600pk> </home/gilles/.texlive2017/texmf-var/fonts/pk/ljfour/j
knappen/ec/eccc0800.600pk> </home/gilles/.texlive2017/texmf-var/fonts/pk/ljfour
/jknappen/ec/ecss0500.600pk> </home/gilles/.texlive2017/texmf-var/fonts/pk/ljfo
ur/jknappen/ec/ecss0800.600pk> </home/gilles/.texlive2017/texmf-var/fonts/pk/lj
four/jknappen/ec/ecss0600.600pk> </home/gilles/.texlive2017/texmf-var/fonts/pk/
ljfour/jknappen/ec/ecss0700.600pk> </home/gilles/.texlive2017/texmf-var/fonts/p
k/ljfour/jknappen/ec/tcss1000.600pk> </home/gilles/.texlive2017/texmf-var/fonts
/pk/ljfour/jknappen/ec/eccc1200.600pk> </home/gilles/.texlive2017/texmf-var/fon
ts/pk/ljfour/jknappen/ec/ecsx1200.600pk> </home/gilles/.texlive2017/texmf-var/f
onts/pk/ljfour/jknappen/ec/eccc1000.600pk> </home/gilles/.texlive2017/texmf-var
/fonts/pk/ljfour/jknappen/ec/ecss1000.600pk> </home/gilles/.texlive2017/texmf-v
ar/fonts/pk/ljfour/jknappen/ec/ecsx1000.600pk> </home/gilles/.texlive2017/texmf
-var/fonts/pk/ljfour/jknappen/ec/ecsx1440.600pk> </home/gilles/.texlive2017/tex
mf-var/fonts/pk/ljfour/jknappen/ec/ecsi1000.600pk> </home/gilles/.texlive2017/t
exmf-var/fonts/pk/ljfour/jknappen/ec/ecsi2074.600pk> </home/gilles/.texlive2017
/texmf-var/fonts/pk/ljfour/jknappen/ec/eccc2488.600pk></usr/share/texlive/texmf
-dist/fonts/type1/public/amsfonts/cm/cmbx7.pfb></usr/share/texlive/texmf-dist/f
onts/type1/public/amsfonts/cm/cmbxti10.pfb></usr/share/texlive/texmf-dist/fonts
/type1/public/amsfonts/cm/cmex10.pfb></usr/share/texlive/texmf-dist/fonts/type1
/public/amsfonts/cm/cmmi10.pfb></usr/share/texlive/texmf-dist/fonts/type1/publi
c/amsfonts/cm/cmmi12.pfb></usr/share/texlive/texmf-dist/fonts/type1/public/amsf
onts/cm/cmmi7.pfb></usr/share/texlive/texmf-dist/fonts/type1/public/amsfonts/cm
/cmmi8.pfb></usr/share/texlive/texmf-dist/fonts/type1/public/amsfonts/cm/cmmib1
0.pfb></usr/share/texlive/texmf-dist/fonts/type1/public/amsfonts/cm/cmr10.pfb><
/usr/share/texlive/texmf-dist/fonts/type1/public/amsfonts/cm/cmr5.pfb></usr/sha
re/texlive/texmf-dist/fonts/type1/public/amsfonts/cm/cmss10.pfb></usr/share/tex
live/texmf-dist/fonts/type1/public/amsfonts/cm/cmss17.pfb></usr/share/texlive/t
exmf-dist/fonts/type1/public/amsfonts/cm/cmss8.pfb></usr/share/texlive/texmf-di
st/fonts/type1/public/amsfonts/cm/cmssbx10.pfb></usr/share/texlive/texmf-dist/f
onts/type1/public/amsfonts/cm/cmssi10.pfb></usr/share/texlive/texmf-dist/fonts/
type1/public/amsfonts/cm/cmssi12.pfb></usr/share/texlive/texmf-dist/fonts/type1
/public/amsfonts/cm/cmssi8.pfb></usr/share/texlive/texmf-dist/fonts/type1/publi
c/amsfonts/cm/cmsy10.pfb></usr/share/texlive/texmf-dist/fonts/type1/public/amsf
onts/cm/cmsy5.pfb></usr/share/texlive/texmf-dist/fonts/type1/public/amsfonts/cm
/cmsy7.pfb></usr/share/texlive/texmf-dist/fonts/type1/public/amsfonts/cm/cmsy8.
pfb></usr/share/texlive/texmf-dist/fonts/type1/public/amsfonts/cm/cmtt10.pfb></
usr/share/texlive/texmf-dist/fonts/type1/public/amsfonts/cm/cmtt8.pfb>
Output written on Geneland.pdf (54 pages, 1795944 bytes).
PDF statistics:
 2040 PDF objects out of 2073 (max. 8388607)
 1407 compressed objects within 15 object streams
 269 named destinations out of 1000 (max. 500000)
 1341 words of extra memory for PDF output out of 10000 (max. 10000000)

